This is e-pTeX, Version 3.1415926-p3.3-110825-2.4 (utf8.euc) (TeX Live 2012) (format=platex 2012.6.30)  12 FEB 2013 16:40
entering extended mode
 restricted \write18 enabled.
 %&-line parsing enabled.
**sample_ja.tex
(./sample_ja.tex
pLaTeX2e <2006/11/10> (based on LaTeX2e <2011/06/27> patch level 0)
Babel <v3.8m> and hyphenation patterns for english, dumylang, nohyphenation, ge
rman-x-2012-05-30, ngerman-x-2012-05-30, afrikaans, ancientgreek, ibycus, arabi
c, armenian, basque, bulgarian, catalan, pinyin, coptic, croatian, czech, danis
h, dutch, ukenglish, usenglishmax, esperanto, estonian, ethiopic, farsi, finnis
h, french, friulan, galician, german, ngerman, swissgerman, monogreek, greek, h
ungarian, icelandic, assamese, bengali, gujarati, hindi, kannada, malayalam, ma
rathi, oriya, panjabi, tamil, telugu, indonesian, interlingua, irish, italian, 
kurmanji, latin, latvian, lithuanian, mongolian, mongolianlmc, bokmal, nynorsk,
 polish, portuguese, romanian, romansh, russian, sanskrit, serbian, serbianc, s
lovak, slovenian, spanish, swedish, turkish, turkmen, ukrainian, uppersorbian, 
welsh, loaded.
(/usr/local/texlive/2012/texmf-dist/tex/platex/jsclasses/jsarticle.cls
Document Class: jsarticle 2010/03/14 okumura
LaTeX Info: Redefining \rmfamily on input line 332.
LaTeX Info: Redefining \sffamily on input line 335.
LaTeX Info: Redefining \ttfamily on input line 338.
\symmincho=\mathgroup4
LaTeX Font Info:    Overwriting symbol font `mincho' in version `bold'
(Font)                  JY1/mc/m/n --> JY1/gt/m/n on input line 403.
LaTeX Font Info:    Font shape `JT1/mc/m/n' will be
(Font)              scaled to size 9.60999pt on input line 592.
LaTeX Font Info:    Font shape `JY1/mc/m/n' will be
(Font)              scaled to size 9.60999pt on input line 592.
\fullwidth=\dimen118
LaTeX Font Info:    Font shape `JT1/mc/m/n' will be
(Font)              scaled to size 7.68799pt on input line 739.
LaTeX Font Info:    Font shape `JY1/mc/m/n' will be
(Font)              scaled to size 7.68799pt on input line 739.
\c@part=\count81
\c@section=\count82
\c@subsection=\count83
\c@subsubsection=\count84
\c@paragraph=\count85
\c@subparagraph=\count86
\@abstractbox=\box41
\c@figure=\count87
\c@table=\count88
\abovecaptionskip=\skip41
\belowcaptionskip=\skip42
\@lnumwidth=\dimen119
\bibindent=\dimen120
LaTeX Info: Redefining \TeX on input line 1693.
LaTeX Info: Redefining \LaTeX on input line 1719.
LaTeX Info: Redefining \LaTeXe on input line 1744.
\heisei=\count89
) (./sample_ja.aux)
\openout1 = `sample_ja.aux'.

LaTeX Font Info:    Checking defaults for OML/cmm/m/it on input line 7.
LaTeX Font Info:    ... okay on input line 7.
LaTeX Font Info:    Checking defaults for T1/cmr/m/n on input line 7.
LaTeX Font Info:    ... okay on input line 7.
LaTeX Font Info:    Checking defaults for OT1/cmr/m/n on input line 7.
LaTeX Font Info:    ... okay on input line 7.
LaTeX Font Info:    Checking defaults for OMS/cmsy/m/n on input line 7.
LaTeX Font Info:    ... okay on input line 7.
LaTeX Font Info:    Checking defaults for OMX/cmex/m/n on input line 7.
LaTeX Font Info:    ... okay on input line 7.
LaTeX Font Info:    Checking defaults for U/cmr/m/n on input line 7.
LaTeX Font Info:    ... okay on input line 7.
LaTeX Font Info:    Checking defaults for JY1/mc/m/n on input line 7.
LaTeX Font Info:    ... okay on input line 7.
LaTeX Font Info:    Checking defaults for JT1/mc/m/n on input line 7.
LaTeX Font Info:    ... okay on input line 7.
LaTeX Font Info:    Font shape `JT1/mc/m/n' will be
(Font)              scaled to size 16.60605pt on input line 9.
LaTeX Font Info:    Font shape `JY1/mc/m/n' will be
(Font)              scaled to size 16.60605pt on input line 9.
LaTeX Font Info:    Font shape `JT1/mc/m/n' will be
(Font)              scaled to size 11.53198pt on input line 9.
LaTeX Font Info:    Font shape `JY1/mc/m/n' will be
(Font)              scaled to size 11.53198pt on input line 9.
LaTeX Font Info:    External font `cmex10' loaded for size
(Font)              <12> on input line 9.
LaTeX Font Info:    External font `cmex10' loaded for size
(Font)              <8> on input line 9.
LaTeX Font Info:    External font `cmex10' loaded for size
(Font)              <6> on input line 9.
LaTeX Font Info:    Font shape `JY1/mc/m/n' will be
(Font)              scaled to size 5.76599pt on input line 9.
LaTeX Font Info:    External font `cmex10' loaded for size
(Font)              <5> on input line 9.
LaTeX Font Info:    Font shape `JY1/mc/m/n' will be
(Font)              scaled to size 4.805pt on input line 9.
LaTeX Font Info:    Font shape `JT1/mc/m/n' will be
(Font)              scaled to size 5.76599pt on input line 9.
LaTeX Font Info:    Font shape `JT1/mc/m/n' will be
(Font)              scaled to size 13.83836pt on input line 11.
LaTeX Font Info:    Font shape `JY1/mc/m/n' will be
(Font)              scaled to size 13.83836pt on input line 11.
LaTeX Font Info:    Font shape `JT1/gt/m/n' will be
(Font)              scaled to size 13.83836pt on input line 11.
LaTeX Font Info:    Font shape `JY1/gt/m/n' will be
(Font)              scaled to size 13.83836pt on input line 11.

! You can't use `\spacefactor' in vertical mode.
\@->\spacefactor 
                 3000\space 
l.17 \@
       begin{verbatim}
? E, [2013-02-12T16:40:43.072416 #57687] ERROR -- : undefined method `end' for 
#<Object:0x007fda8c85b718>
 
Here is how much of TeX's memory you used:
 404 strings out of 494059
 4068 string characters out of 3156205
 55899 words of memory out of 3000000
 3908 multiletter control sequences out of 15000+200000
 13218 words of font info for 58 fonts, out of 3000000 for 9000
 750 hyphenation exceptions out of 8191
 30i,11n,20p,137b,374s stack positions out of 5000i,500n,10000p,200000b,50000s
No pages of output.
